#
# There is insufficient memory for the Java Runtime Environment to continue.
# Native memory allocation (mmap) failed to map 67108864 bytes for G1 virtual space
# Possible reasons:
#   The system is out of physical RAM or swap space
#   The process is running with CompressedOops enabled, and the Java Heap may be blocking the growth of the native heap
# Possible solutions:
#   Reduce memory load on the system
#   Increase physical memory or swap space
#   Check if swap backing store is full
#   Decrease Java heap size (-Xmx/-Xms)
#   Decrease number of Java threads
#   Decrease Java thread stack sizes (-Xss)
#   Set larger code cache with -XX:ReservedCodeCacheSize=
#   JVM is running with Unscaled Compressed Oops mode in which the Java heap is
#     placed in the first 4GB address space. The Java Heap base address is the
#     maximum limit for the native heap growth. Please use -XX:HeapBaseMinAddress
#     to set the Java Heap base and to place the Java Heap above 4GB virtual address.
# This output file may be truncated or incomplete.
#
#  Out of Memory Error (os_windows.cpp:3548), pid=13552, tid=3348
#
# JRE version:  (17.0.10+11) (build )
# Java VM: Java HotSpot(TM) 64-Bit Server VM (17.0.10+11-LTS-240, mixed mode, sharing, tiered, compressed oops, compressed class ptrs, g1 gc, windows-amd64)
# No core dump will be written. Minidumps are not enabled by default on client versions of Windows
#

---------------  S U M M A R Y ------------

Command Line: -Xmx64m -Xms64m -Dorg.gradle.appname=gradlew org.gradle.wrapper.GradleWrapperMain app:installDebug -PreactNativeDevServerPort=8081

Host: AMD Ryzen 3 5300U with Radeon Graphics         , 8 cores, 5G,  Windows 10 , 64 bit Build 19041 (10.0.19041.3636)
Time: Thu Apr  4 11:51:42 2024 Paris, Madrid (heure duild 19041 (10.0.19041.3636) elapsed time: 0.018473 seconds (0d 0h 0m 0s)

---------------  T H R E A D  ---------------

Current thread (0x000001790b412d60):  JavaThread "Unknown thread" [_thread_in_vm, id=3348, stack(0x0000006c32700000,0x0000006c32800000)]

Stack: [0x0000006c32700000,0x0000006c32800000]
Native frames: (J=compiled Java code, j=interpreted, Vv=VM code, C=native code)
V  [jvm.dll+0x677a5a]
V  [jvm.dll+0x7d8b2d]
V  [jvm.dll+0x7da48e]
V  [jvm.dll+0x7daaf3]
V  [jvm.dll+0x2455ff]
V  [jvm.dll+0x6749b9]
V  [jvm.dll+0x669382]
V  [jvm.dll+0x302e96]
V  [jvm.dll+0x30a416]
V  [jvm.dll+0x359cbe]
V  [jvm.dll+0x359eef]
V  [jvm.dll+0x2d9e88]
V  [jvm.dll+0x2dadf4]
V  [jvm.dll+0x7aa551]
V  [jvm.dll+0x367911]
V  [jvm.dll+0x789639]
V  [jvm.dll+0x3eb30f]
V  [jvm.dll+0x3ecd91]
C  [jli.dll+0x5297]
C  [ucrtbase.dll+0x21bb2]
C  [KERNEL32.DLL+0x17344]
C  [ntdll.dll+0x526b1]


---------------  P R O C E S S  ---------------

Threads class SMR info:
_java_thread_list=0x00007fff69d56a18, length=0, elements={
}

Java Threads: ( => current thread )

Other Threads:
  0x000001790b4333c0 GCTaskThread "GC Thread#0" [stack: 0x0000006c32800000,0x0000006c32900000] [id=14596]
  0x000001790b434920 ConcurrentGCThread "G1 Main Marker" [stack: 0x0000006c32900000,0x0000006c32a00000] [id=12696]
  0x000001790b435140 ConcurrentGCThread "G1 Conc#0" [stack: 0x0000006c32a00000,0x0000006c32b00000] [id=15064]

[error occurred during error reporting (printing all threads), id 0xc0000005, EXCEPTION_ACCESS_VIOLATION (0xc0000005) at pc=0x00007fff6958aae7]

VM state: not at safepoint (not fully initialized)

VM Mutex/Monitor currently owned by a thread:  ([mutex/lock_event])
[0x000001790b410510] Heap_lock - owner thread: 0x000001790b412d60

Heap address: 0x00000000fc000000, size: 64 MB, Compressed Oops mode: 32-bit

CDS archive(s) mapped at: [0x0000000000000000-0x0000000000000000-0x0000000000000000), size 0, SharedBaseAddress: 0x0000000800000000, ArchiveRelocationMode: 1.
Narrow klass base: 0x0000000000000000, Narrow klass shift: 0, Narrow klass range: 0x0

GC Precious Log:
<Empty>

Heap:
 garbage-first heap   total 0K, used 0K [0x00000000fc000000, 0x0000000100000000)
  region size 1024K, 0 young (0K), 0 survivors (0K)

[error occurred during error reporting (printing heap information), id 0xc0000005, EXCEPTION_ACCESS_VIOLATION (0xc0000005) at pc=0x00007fff69971249]

GC Heap History (0 events):
No events

Deoptimization events (0 events):
No events

Classes unloaded (0 events):
No events

Classes redefined (0 events):
No events

Internal exceptions (0 events):
No events

VM Operations (0 events):
No events

Events (1 events):
Event: 0.011 Loaded shared library C:\Program Files\Java\jdk-17\bin\java.dll


Dynamic libraries:
0x00007ff65de20000 - 0x00007ff65de30000 	C:\Program Files\Java\jdk-17\bin\java.exe
0x00007ff808770000 - 0x00007ff808968000 	C:\Windows\SYSTEM32\ntdll.dll
0x00007ff8073b0000 - 0x00007ff80746d000 	C:\Windows\System32\KERNEL32.DLL
0x00007ff805ed0000 - 0x00007ff8061c6000 	C:\Windows\System32\KERNELBASE.dll
0x00007ff806590000 - 0x00007ff806690000 	C:\Windows\System32\ucrtbase.dll
0x00007fffffea0000 - 0x00007fffffebb000 	C:\Program Files\Java\jdk-17\bin\VCRUNTIME140.dll
0x00007fffff420000 - 0x00007fffff439000 	C:\Program Files\Java\jdk-17\bin\jli.dll
0x00007ff807c00000 - 0x00007ff807cb0000 	C:\Windows\System32\ADVAPI32.dll
0x00007ff806b60000 - 0x00007ff806bfe000 	C:\Windows\System32\msvcrt.dll
0x00007ff8067a0000 - 0x00007ff806840000 	C:\Windows\System32\sechost.dll
0x00007ff808590000 - 0x00007ff8086b5000 	C:\Windows\System32\RPCRT4.dll
0x00007ff806560000 - 0x00007ff806587000 	C:\Windows\System32\bcrypt.dll
0x00007ff806840000 - 0x00007ff8069de000 	C:\Windows\System32\USER32.dll
0x00007ff806690000 - 0x00007ff8066b2000 	C:\Windows\System32\win32u.dll
0x00007ff807200000 - 0x00007ff80722b000 	C:\Windows\System32\GDI32.dll
0x00007ff806440000 - 0x00007ff806557000 	C:\Windows\System32\gdi32full.dll
0x00007ff806330000 - 0x00007ff8063cd000 	C:\Windows\System32\msvcp_win.dll
0x00007fffeb0e0000 - 0x00007fffeb37a000 	C:\Windows\WinSxS\amd64_microsoft.windows.common-controls_6595b64144ccf1df_6.0.19041.3636_none_60b6a03d71f818d5\COMCTL32.dll
0x00007ffffa8a0000 - 0x00007ffffa8aa000 	C:\Windows\SYSTEM32\VERSION.dll
0x00007ff808550000 - 0x00007ff808582000 	C:\Windows\System32\IMM32.DLL
0x00007fffffe90000 - 0x00007fffffe9c000 	C:\Program Files\Java\jdk-17\bin\vcruntime140_1.dll
0x00007fffdd100000 - 0x00007fffdd18e000 	C:\Program Files\Java\jdk-17\bin\msvcp140.dll
0x00007fff692a0000 - 0x00007fff69e7f000 	C:\Program Files\Java\jdk-17\bin\server\jvm.dll
0x00007ff8086c0000 - 0x00007ff8086c8000 	C:\Windows\System32\PSAPI.DLL
0x00007ff8040c0000 - 0x00007ff8040e7000 	C:\Windows\SYSTEM32\WINMM.dll
0x00007fffeaf90000 - 0x00007fffeaf99000 	C:\Windows\SYSTEM32\WSOCK32.dll
0x00007ff806a40000 - 0x00007ff806aab000 	C:\Windows\System32\WS2_32.dll
0x00007ff8047c0000 - 0x00007ff8047d2000 	C:\Windows\SYSTEM32\kernel.appcore.dll
0x00007ffff3600000 - 0x00007ffff360a000 	C:\Program Files\Java\jdk-17\bin\jimage.dll
0x00007ff803ed0000 - 0x00007ff8040b4000 	C:\Windows\SYSTEM32\DBGHELP.DLL
0x00007ff803e90000 - 0x00007ff803ec4000 	C:\Windows\SYSTEM32\dbgcore.DLL
0x00007ff806710000 - 0x00007ff806792000 	C:\Windows\System32\bcryptPrimitives.dll
0x00007ffff35d0000 - 0x00007ffff35f5000 	C:\Program Files\Java\jdk-17\bin\java.dll

dbghelp: loaded successfully - version: 4.0.5 - missing functions: none
symbol engine: initialized successfully - sym options: 0x614 - pdb path: .;C:\Program Files\Java\jdk-17\bin;C:\Windows\SYSTEM32;C:\Windows\WinSxS\amd64_microsoft.windows.common-controls_6595b64144ccf1df_6.0.19041.3636_none_60b6a03d71f818d5;C:\Program Files\Java\jdk-17\bin\server

VM Arguments:
jvm_args: -Xmx64m -Xms64m -Dorg.gradle.appname=gradlew 
java_command: org.gradle.wrapper.GradleWrapperMain app:installDebug -PreactNativeDevServerPort=8081
java_class_path (initial): C:\Users\029163\Documents\GitHub\Airneis\AirneisMobileApp\main\android\\gradle\wrapper\gradle-wrapper.jar
Launcher Type: SUN_STANDARD

[Global flags]
     intx CICompilerCount                          = 4                                         {product} {ergonomic}
     uint ConcGCThreads                            = 2                                         {product} {ergonomic}
     uint G1ConcRefinementThreads                  = 8                                         {product} {ergonomic}
   size_t G1HeapRegionSize                         = 1048576                                   {product} {ergonomic}
    uintx GCDrainStackTargetSize                   = 64                                        {product} {ergonomic}
   size_t InitialHeapSize                          = 67108864                                  {product} {command line}
   size_t MarkStackSize                            = 4194304                                   {product} {ergonomic}
   size_t MaxHeapSize                              = 67108864                                  {product} {command line}
   size_t MinHeapDeltaBytes                        = 1048576                                   {product} {ergonomic}
   size_t MinHeapSize                              = 67108864                                  {product} {command line}
    uintx NonNMethodCodeHeapSize                   = 5839372                                {pd product} {ergonomic}
    uintx NonProfiledCodeHeapSize                  = 122909434                              {pd product} {ergonomic}
    uintx ProfiledCodeHeapSize                     = 122909434                              {pd product} {ergonomic}
    uintx ReservedCodeCacheSize                    = 251658240                              {pd product} {ergonomic}
     bool SegmentedCodeCache                       = true                                      {product} {ergonomic}
   size_t SoftMaxHeapSize                          = 67108864                               {manageable} {ergonomic}
     bool UseCompressedClassPointers               = true                           {product lp64_product} {ergonomic}
     bool UseCompressedOops                        = true                           {product lp64_product} {ergonomic}
     bool UseG1GC                                  = true                                      {product} {ergonomic}
     bool UseLargePagesIndividualAllocation        = false                                  {pd product} {ergonomic}

Logging:
Log output configuration:
 #0: stdout all=warning uptime,level,tags
 #1: stderr all=off uptime,level,tags

Environment Variables:
JAVA_HOME=C:\Program Files\Java\jdk-17
CLASSPATH=C:\Users\029163\Documents\GitHub\Airneis\AirneisMobileApp\main\android\\gradle\wrapper\gradle-wrapper.jar
PATH=C:\Users\029163\Documents\GitHub\Airneis\AirneisMobileApp\main\node_modules\.bin;C:\Users\029163\Documents\GitHub\Airneis\AirneisMobileApp\main\node_modules\.bin;C:\Users\029163\Documents\GitHub\Airneis\AirneisMobileApp\node_modules\.bin;C:\Users\029163\Documents\GitHub\Airneis\node_modules\.bin;C:\Users\029163\Documents\GitHub\node_modules\.bin;C:\Users\029163\Documents\node_modules\.bin;C:\Users\029163\node_modules\.bin;C:\Users\node_modules\.bin;C:\node_modules\.bin;C:\Users\029163\AppData\Roaming\npm\node_modules\npm\node_modules\@npmcli\run-script\lib\node-gyp-bin;C:\Users\029163\Documents\GitHub\Airneis\AirneisMobileApp\main\node_modules\.bin;C:\Users\029163\Documents\GitHub\Airneis\AirneisMobileApp\node_modules\.bin;C:\Users\029163\Documents\GitHub\Airneis\node_modules\.bin;C:\Users\029163\Documents\GitHub\node_modules\.bin;C:\Users\029163\Documents\node_modules\.bin;C:\Users\029163\node_modules\.bin;C:\Users\node_modules\.bin;C:\node_modules\.bin;C:\Users\029163\AppData\Roaming\npm\node_modules\npm\node_modules\@npmcli\run-script\lib\node-gyp-bin;C:\Users\029163\bin;C:\Program Files\Git\mingw64\bin;C:\Program Files\Git\usr\local\bin;C:\Program Files\Git\usr\bin;C:\Program Files\Git\usr\bin;C:\Program Files\Git\mingw64\bin;C:\Program Files\Git\usr\bin;C:\Users\029163\bin;C:\Program Files\Common Files\Oracle\Java\javapath;C:\Users\029163\AppData\Local\Programs\cursor\resources\app\bin;C:\Program Files (x86)\Common Files\Oracle\Java\javapath;C:\app\029163\product\21c\dbhomeXE\bin;C:\Users\029163\AppData\Local\Programs\cursor-nightly\resources\app\bin;C:\Windows\system32;C:\Windows;C:\Windows\System32\Wbem;C:\Windows\System32\WindowsPowerShell\v1.0;C:\Windows\System32\OpenSSH;C:\Program Files\Git\cmd;C:\Users\029163\AppData\Local\Programs\Python\Python312\Scripts;C:\Users\029163\AppData\Local\Programs\Python\Python312;C:\Users\029163\AppData\Local\Programs\Python\Launcher;C:\Users\029163\AppData\Local\Microsoft\WindowsApps;C:\Users\029163\AppData\Roaming\npm;C
USERNAME=029163
SHELL=C:\Program Files\Git\usr\bin\bash.exe
DISPLAY=needs-to-be-defined
LANG=en_US.UTF-8
OS=Windows_NT
PROCESSOR_IDENTIFIER=AMD64 Family 23 Model 104 Stepping 1, AuthenticAMD



---------------  S Y S T E M  ---------------

OS:
 Windows 10 , 64 bit Build 19041 (10.0.19041.3636)
OS uptime: 0 days 3:40 hours
Hyper-V role detected

CPU: total 8 (initial active 8) (8 cores per cpu, 2 threads per core) family 23 model 104 stepping 1 microcode 0x0, cx8, cmov, fxsr, ht, mmx, 3dnowpref, sse, sse2, sse3, ssse3, sse4a, sse4.1, sse4.2, popcnt, lzcnt, tsc, tscinvbit, avx, avx2, aes, clmul, bmi1, bmi2, adx, sha, fma, vzeroupper, clflush, clflushopt, hv

Memory: 4k page, system-wide physical 5966M (314M free)
TotalPageFile size 24398M (AvailPageFile size 13M)
current process WorkingSet (physical memory assigned to process): 10M, peak: 10M
current process commit charge ("private bytes"): 59M, peak: 123M

vm_info: Java HotSpot(TM) 64-Bit Server VM (17.0.10+11-LTS-240) for windows-amd64 JRE (17.0.10+11-LTS-240), built on Dec 19 2023 21:47:25 by "mach5one" with MS VC++ 17.1 (VS2022)

END.
